C:\Program Files (x86)\MSBuild\Microsoft.Cpp\v4.0\V140\Microsoft.CppBuild.targets(368,5): warning MSB8004: Output Directory does not end with a trailing slash.  This build instance will add the slash as it is required to allow proper evaluation of the Output Directory.
C:\Program Files (x86)\MSBuild\Microsoft.Cpp\v4.0\V140\Microsoft.CppBuild.targets(392,5): warning MSB8028: The intermediate directory (x64\Debug\) contains files shared from another project (App.vcxproj, Lab01.vcxproj, Lab02-domowe.vcxproj, Lab02.vcxproj, make.visual.2015.vcxproj).  This can lead to incorrect clean and rebuild behavior.
  main.cpp
f:\studia\semestr 6\zpwm\github\zpwm\lab08\source\main.cpp(10): warning C4305: 'initializing': truncation from 'double' to 'float'
f:\studia\semestr 6\zpwm\github\zpwm\lab08\source\main.cpp(11): warning C4305: 'initializing': truncation from 'double' to 'float'
f:\studia\semestr 6\zpwm\github\zpwm\lab08\source\main.cpp(12): warning C4305: 'initializing': truncation from 'double' to 'float'
f:\studia\semestr 6\zpwm\github\zpwm\lab08\source\main.cpp(13): warning C4305: 'initializing': truncation from 'double' to 'float'
f:\studia\semestr 6\zpwm\github\zpwm\lab08\source\main.cpp(14): warning C4305: 'initializing': truncation from 'double' to 'float'
f:\studia\semestr 6\zpwm\github\zpwm\lab08\source\main.cpp(15): warning C4305: 'initializing': truncation from 'double' to 'float'
f:\studia\semestr 6\zpwm\github\zpwm\lab08\source\main.cpp(18): warning C4305: 'initializing': truncation from 'double' to 'float'
f:\studia\semestr 6\zpwm\github\zpwm\lab08\source\main.cpp(19): warning C4305: 'initializing': truncation from 'double' to 'float'
f:\studia\semestr 6\zpwm\github\zpwm\lab08\source\main.cpp(20): warning C4305: 'initializing': truncation from 'double' to 'float'
f:\studia\semestr 6\zpwm\github\zpwm\lab08\source\main.cpp(27): warning C4244: 'initializing': conversion from 'DWORD' to 'float', possible loss of data
f:\studia\semestr 6\zpwm\github\zpwm\lab08\source\main.cpp(60): warning C4101: 'lText': unreferenced local variable
f:\studia\semestr 6\zpwm\github\zpwm\lab08\source\main.cpp(200): warning C4305: 'argument': truncation from 'double' to 'float'
f:\studia\semestr 6\zpwm\github\zpwm\lab08\source\main.cpp(106): warning C4101: 'mmResult': unreferenced local variable
f:\studia\semestr 6\zpwm\github\zpwm\lab08\source\main.cpp(108): warning C4101: 'devId': unreferenced local variable
f:\studia\semestr 6\zpwm\github\zpwm\lab08\source\main.cpp(281): warning C4244: 'argument': conversion from 'DWORD' to 'float', possible loss of data
f:\studia\semestr 6\zpwm\github\zpwm\lab08\source\main.cpp(281): warning C4244: 'argument': conversion from 'double' to 'int', possible loss of data
f:\studia\semestr 6\zpwm\github\zpwm\lab08\source\main.cpp(284): warning C4244: 'argument': conversion from 'DWORD' to 'float', possible loss of data
f:\studia\semestr 6\zpwm\github\zpwm\lab08\source\main.cpp(284): warning C4244: 'argument': conversion from 'double' to 'int', possible loss of data
f:\studia\semestr 6\zpwm\github\zpwm\lab08\source\main.cpp(287): warning C4244: 'argument': conversion from 'DWORD' to 'float', possible loss of data
f:\studia\semestr 6\zpwm\github\zpwm\lab08\source\main.cpp(287): warning C4244: 'argument': conversion from 'double' to 'int', possible loss of data
f:\studia\semestr 6\zpwm\github\zpwm\lab08\source\main.cpp(290): warning C4244: 'argument': conversion from 'DWORD' to 'float', possible loss of data
f:\studia\semestr 6\zpwm\github\zpwm\lab08\source\main.cpp(290): warning C4244: 'argument': conversion from 'double' to 'int', possible loss of data
f:\studia\semestr 6\zpwm\github\zpwm\lab08\source\main.cpp(293): warning C4244: 'argument': conversion from 'DWORD' to 'float', possible loss of data
f:\studia\semestr 6\zpwm\github\zpwm\lab08\source\main.cpp(293): warning C4244: 'argument': conversion from 'double' to 'int', possible loss of data
f:\studia\semestr 6\zpwm\github\zpwm\lab08\source\main.cpp(296): warning C4244: 'argument': conversion from 'DWORD' to 'float', possible loss of data
f:\studia\semestr 6\zpwm\github\zpwm\lab08\source\main.cpp(296): warning C4244: 'argument': conversion from 'double' to 'int', possible loss of data
f:\studia\semestr 6\zpwm\github\zpwm\lab08\source\main.cpp(299): warning C4244: 'argument': conversion from 'DWORD' to 'float', possible loss of data
f:\studia\semestr 6\zpwm\github\zpwm\lab08\source\main.cpp(299): warning C4244: 'argument': conversion from 'double' to 'int', possible loss of data
f:\studia\semestr 6\zpwm\github\zpwm\lab08\source\main.cpp(302): warning C4244: 'argument': conversion from 'DWORD' to 'float', possible loss of data
f:\studia\semestr 6\zpwm\github\zpwm\lab08\source\main.cpp(302): warning C4244: 'argument': conversion from 'double' to 'int', possible loss of data
f:\studia\semestr 6\zpwm\github\zpwm\lab08\source\main.cpp(305): warning C4244: 'argument': conversion from 'DWORD' to 'float', possible loss of data
f:\studia\semestr 6\zpwm\github\zpwm\lab08\source\main.cpp(305): warning C4244: 'argument': conversion from 'double' to 'int', possible loss of data
f:\studia\semestr 6\zpwm\github\zpwm\lab08\source\main.cpp(308): warning C4244: 'argument': conversion from 'DWORD' to 'float', possible loss of data
f:\studia\semestr 6\zpwm\github\zpwm\lab08\source\main.cpp(308): warning C4244: 'argument': conversion from 'double' to 'int', possible loss of data
f:\studia\semestr 6\zpwm\github\zpwm\lab08\source\main.cpp(311): warning C4244: 'argument': conversion from 'DWORD' to 'float', possible loss of data
f:\studia\semestr 6\zpwm\github\zpwm\lab08\source\main.cpp(311): warning C4244: 'argument': conversion from 'double' to 'int', possible loss of data
f:\studia\semestr 6\zpwm\github\zpwm\lab08\source\main.cpp(314): warning C4244: 'argument': conversion from 'DWORD' to 'float', possible loss of data
f:\studia\semestr 6\zpwm\github\zpwm\lab08\source\main.cpp(314): warning C4244: 'argument': conversion from 'double' to 'int', possible loss of data
f:\studia\semestr 6\zpwm\github\zpwm\lab08\source\main.cpp(328): warning C4244: '=': conversion from 'double' to 'BYTE', possible loss of data
f:\studia\semestr 6\zpwm\github\zpwm\lab08\source\main.cpp(364): warning C4244: '=': conversion from 'double' to 'BYTE', possible loss of data
  make.visual.2015.vcxproj -> F:\Studia\Semestr 6\ZPWM\GitHub\ZPWM\Lab08\make.visual\\..\bin\Lab08.exe
  make.visual.2015.vcxproj -> F:\Studia\Semestr 6\ZPWM\GitHub\ZPWM\Lab08\make.visual\\..\bin\Lab08.pdb (Partial PDB)
